<?xml version="1.0" encoding="UTF-8"?>
<!-- Generated by org.testng.reporters.JUnitReportReporter -->
<testsuite hostname="LAPTOP-0ROCF77E" failures="0" tests="11" name="runners.TestRunner" time="111.606" errors="0" timestamp="2025-08-29T10:08:58 IST" skipped="0">
  <testcase classname="runners.TestRunner" name="runScenario" time="8.264"/>
  <testcase classname="runners.TestRunner" name="runScenario" time="14.824"/>
  <testcase classname="runners.TestRunner" name="runScenario" time="9.611"/>
  <testcase classname="runners.TestRunner" name="runScenario" time="7.329"/>
  <testcase classname="runners.TestRunner" name="runScenario" time="7.935"/>
  <testcase classname="runners.TestRunner" name="runScenario" time="22.886"/>
  <testcase classname="runners.TestRunner" name="runScenario" time="7.564"/>
  <testcase classname="runners.TestRunner" name="runScenario" time="9.403"/>
  <testcase classname="runners.TestRunner" name="runScenario" time="9.316"/>
  <testcase classname="runners.TestRunner" name="runScenario" time="7.139"/>
  <testcase classname="runners.TestRunner" name="runScenario" time="7.335"/>
</testsuite> <!-- runners.TestRunner -->
